Arguments: 
  C:\Program Files\nodejs\node.exe C:\Users\Saif\AppData\Roaming\npm\node_modules\yarn\bin\yarn.js exec index.js 1 0 0 1

PATH: 
  C:\oraclexe\app\oracle\product\11.2.0\server\bin;;C:\Program Files\Common Files\Oracle\Java\javapath;C:\Program Files (x86)\Common Files\Oracle\Java\javapath;C:\Windows\system32;C:\Windows;C:\Windows\System32\Wbem;C:\Windows\System32\WindowsPowerShell\v1.0\;C:\Windows\System32\OpenSSH\;C:\Program Files (x86)\NVIDIA Corporation\PhysX\Common;C:\Program Files\NVIDIA Corporation\NVIDIA NvDLISR;C:\Windows\system32;C:\Windows;C:\Windows\System32\Wbem;C:\Windows\System32\WindowsPowerShell\v1.0\;C:\Windows\System32\OpenSSH\;D:\Git\cmd;C:\Program Files\nodejs\;C:\Program Files\php-8.1.5;C:\Users\Saif\AppData\Local\Programs\Python\Python310\Scripts\;C:\Users\Saif\AppData\Local\Programs\Python\Python310\;C:\Users\Saif\AppData\Local\Microsoft\WindowsApps;D:\Microsoft VS Code\bin;C:\Users\Saif\AppData\Roaming\npm;D:\flutter_windows_3.0.1-stable\flutter\bin;C:\Program Files\Java\jdk-18.0.1.1\bin;

Yarn version: 
  1.22.19

Node version: 
  16.14.2

Platform: 
  win32 x64

Trace: 
  Error: spawn UNKNOWN
      at ChildProcess.spawn (node:internal/child_process:413:11)
      at Object.spawn (node:child_process:700:9)
      at C:\Users\Saif\AppData\Roaming\npm\node_modules\yarn\lib\cli.js:25732:24
      at new Promise (<anonymous>)
      at new F (C:\Users\Saif\AppData\Roaming\npm\node_modules\yarn\lib\cli.js:5305:28)
      at C:\Users\Saif\AppData\Roaming\npm\node_modules\yarn\lib\cli.js:25729:12
      at run (C:\Users\Saif\AppData\Roaming\npm\node_modules\yarn\lib\cli.js:43184:7)
      at BlockingQueue.maybePushConcurrencyQueue (C:\Users\Saif\AppData\Roaming\npm\node_modules\yarn\lib\cli.js:43199:7)
      at BlockingQueue.shift (C:\Users\Saif\AppData\Roaming\npm\node_modules\yarn\lib\cli.js:43194:10)
      at C:\Users\Saif\AppData\Roaming\npm\node_modules\yarn\lib\cli.js:43138:15

npm manifest: 
  {
    "name": "package",
    "version": "1.0.0",
    "description": "",
    "main": "index.js",
    "scripts": {
    "my-script": "node index.js"
  },
  
    "author": "",
    "license": "ISC"
  }

yarn manifest: 
  No manifest

Lockfile: 
  No lockfile
